<?xml version="1.0" encoding="UTF-8"?>
<testng-results skipped="0" failed="1" ignored="0" total="10" passed="9">
  <reporter-output>
  </reporter-output>
  <suite name="Default suite" duration-ms="193788" started-at="2018-07-02T02:23:30Z" finished-at="2018-07-02T02:26:43Z">
    <groups>
    </groups>
    <test name="Default test" duration-ms="193788" started-at="2018-07-02T02:23:30Z" finished-at="2018-07-02T02:26:43Z">
      <class name="TestSuite.testLogin">
        <test-method status="PASS" signature="beforeMethod()[pri:0, instance:TestSuite.testLogin@6a41eaa2]" name="beforeMethod" is-config="true" duration-ms="5478" started-at="2018-07-02T02:23:31Z" finished-at="2018-07-02T02:23:36Z">
          <reporter-output>
          </reporter-output>
        </test-method> <!-- beforeMethod -->
        <test-method status="PASS" signature="TC01(java.lang.String, java.lang.String, java.lang.String, java.lang.String)[pri:0, instance:TestSuite.testLogin@6a41eaa2]" name="TC01" duration-ms="19061" started-at="2018-07-02T02:23:36Z" data-provider="loginData" finished-at="2018-07-02T02:23:55Z">
          <params>
            <param index="0">
              <value>
                <![CDATA[01]]>
              </value>
            </param>
            <param index="1">
              <value>
                <![CDATA[Verify user can log in with normal account]]>
              </value>
            </param>
            <param index="2">
              <value>
                <![CDATA[nghiemthuthuy1912@gmail.com]]>
              </value>
            </param>
            <param index="3">
              <value>
                <![CDATA[123456a@]]>
              </value>
            </param>
          </params>
          <reporter-output>
          </reporter-output>
        </test-method> <!-- TC01 -->
        <test-method status="PASS" signature="afterMethod(org.testng.ITestResult)[pri:0, instance:TestSuite.testLogin@6a41eaa2]" name="afterMethod" is-config="true" duration-ms="744" started-at="2018-07-02T02:23:55Z" finished-at="2018-07-02T02:23:56Z">
          <params>
            <param index="0">
              <value>
                <![CDATA[[TestResult name=TC01 status=SUCCESS method=testLogin.TC01(java.lang.String, java.lang.String, java.lang.String, java.lang.String)[pri:0, instance:TestSuite.testLogin@6a41eaa2] output={null}]]]>
              </value>
            </param>
          </params>
          <reporter-output>
          </reporter-output>
        </test-method> <!-- afterMethod -->
        <test-method status="PASS" signature="beforeMethod()[pri:0, instance:TestSuite.testLogin@6a41eaa2]" name="beforeMethod" is-config="true" duration-ms="3908" started-at="2018-07-02T02:23:56Z" finished-at="2018-07-02T02:24:00Z">
          <reporter-output>
          </reporter-output>
        </test-method> <!-- beforeMethod -->
        <test-method status="FAIL" signature="TC01(java.lang.String, java.lang.String, java.lang.String, java.lang.String)[pri:0, instance:TestSuite.testLogin@6a41eaa2]" name="TC01" duration-ms="21464" started-at="2018-07-02T02:24:00Z" data-provider="loginData" finished-at="2018-07-02T02:24:21Z">
          <params>
            <param index="0">
              <value>
                <![CDATA[02]]>
              </value>
            </param>
            <param index="1">
              <value>
                <![CDATA[Verify user can log in with privated email domain]]>
              </value>
            </param>
            <param index="2">
              <value>
                <![CDATA[vtc@vtc.vn]]>
              </value>
            </param>
            <param index="3">
              <value>
                <![CDATA[12345]]>
              </value>
            </param>
          </params>
          <exception class="org.openqa.selenium.NoSuchElementException">
            <message>
              <![CDATA[no such element: Unable to locate element: {"method":"xpath","selector":"//input[@id='email']"}
  (Session info: chrome=67.0.3396.99)
  (Driver info: chromedriver=2.38.552522 (437e6fbedfa8762dec75e2c5b3ddb86763dc9dcb),platform=Windows NT 10.0.16299 x86_64) (WARNING: The server did not provide any stacktrace information)
Command duration or timeout: 0 milliseconds
For documentation on this error, please visit: http://seleniumhq.org/exceptions/no_such_element.html
Build info: version: '3.12.0', revision: '7c6e0b3', time: '2018-05-08T14:04:26.12Z'
System info: host: 'LGVN14329-W10', ip: '192.168.137.1', os.name: 'Windows 10', os.arch: 'amd64', os.version: '10.0', java.version: '1.8.0_171'
Driver info: org.openqa.selenium.chrome.ChromeDriver
Capabilities {acceptInsecureCerts: false, acceptSslCerts: false, applicationCacheEnabled: false, browserConnectionEnabled: false, browserName: chrome, chrome: {chromedriverVersion: 2.38.552522 (437e6fbedfa876..., userDataDir: C:\Users\CHUONG~1.STI\AppDa...}, cssSelectorsEnabled: true, databaseEnabled: false, handlesAlerts: true, hasTouchScreen: false, javascriptEnabled: true, locationContextEnabled: true, mobileEmulationEnabled: false, nativeEvents: true, networkConnectionEnabled: false, pageLoadStrategy: normal, platform: XP, platformName: XP, rotatable: false, setWindowRect: true, takesHeapSnapshot: true, takesScreenshot: true, unexpectedAlertBehaviour: , unhandledPromptBehavior: , version: 67.0.3396.99, webStorageEnabled: true}
Session ID: 9460829100cfb4dd0b594f32599f6e7b
*** Element info: {Using=xpath, value=//input[@id='email']}]]>
            </message>
            <full-stacktrace>
              <![CDATA[org.openqa.selenium.NoSuchElementException: no such element: Unable to locate element: {"method":"xpath","selector":"//input[@id='email']"}
  (Session info: chrome=67.0.3396.99)
  (Driver info: chromedriver=2.38.552522 (437e6fbedfa8762dec75e2c5b3ddb86763dc9dcb),platform=Windows NT 10.0.16299 x86_64) (WARNING: The server did not provide any stacktrace information)
Command duration or timeout: 0 milliseconds
For documentation on this error, please visit: http://seleniumhq.org/exceptions/no_such_element.html
Build info: version: '3.12.0', revision: '7c6e0b3', time: '2018-05-08T14:04:26.12Z'
System info: host: 'LGVN14329-W10', ip: '192.168.137.1', os.name: 'Windows 10', os.arch: 'amd64', os.version: '10.0', java.version: '1.8.0_171'
Driver info: org.openqa.selenium.chrome.ChromeDriver
Capabilities {acceptInsecureCerts: false, acceptSslCerts: false, applicationCacheEnabled: false, browserConnectionEnabled: false, browserName: chrome, chrome: {chromedriverVersion: 2.38.552522 (437e6fbedfa876..., userDataDir: C:\Users\CHUONG~1.STI\AppDa...}, cssSelectorsEnabled: true, databaseEnabled: false, handlesAlerts: true, hasTouchScreen: false, javascriptEnabled: true, locationContextEnabled: true, mobileEmulationEnabled: false, nativeEvents: true, networkConnectionEnabled: false, pageLoadStrategy: normal, platform: XP, platformName: XP, rotatable: false, setWindowRect: true, takesHeapSnapshot: true, takesScreenshot: true, unexpectedAlertBehaviour: , unhandledPromptBehavior: , version: 67.0.3396.99, webStorageEnabled: true}
Session ID: 9460829100cfb4dd0b594f32599f6e7b
*** Element info: {Using=xpath, value=//input[@id='email']}
at sun.reflect.NativeConstructorAccessorImpl.newInstance0(Native Method)
at sun.reflect.NativeConstructorAccessorImpl.newInstance(Unknown Source)
at sun.reflect.DelegatingConstructorAccessorImpl.newInstance(Unknown Source)
at java.lang.reflect.Constructor.newInstance(Unknown Source)
at org.openqa.selenium.remote.ErrorHandler.createThrowable(ErrorHandler.java:214)
at org.openqa.selenium.remote.ErrorHandler.throwIfResponseFailed(ErrorHandler.java:166)
at org.openqa.selenium.remote.http.JsonHttpResponseCodec.reconstructValue(JsonHttpResponseCodec.java:40)
at org.openqa.selenium.remote.http.AbstractHttpResponseCodec.decode(AbstractHttpResponseCodec.java:80)
at org.openqa.selenium.remote.http.AbstractHttpResponseCodec.decode(AbstractHttpResponseCodec.java:44)
at org.openqa.selenium.remote.HttpCommandExecutor.execute(HttpCommandExecutor.java:158)
at org.openqa.selenium.remote.service.DriverCommandExecutor.execute(DriverCommandExecutor.java:83)
at org.openqa.selenium.remote.RemoteWebDriver.execute(RemoteWebDriver.java:543)
at org.openqa.selenium.remote.RemoteWebDriver.findElement(RemoteWebDriver.java:317)
at org.openqa.selenium.remote.RemoteWebDriver.findElementByXPath(RemoteWebDriver.java:419)
at org.openqa.selenium.By$ByXPath.findElement(By.java:353)
at org.openqa.selenium.remote.RemoteWebDriver.findElement(RemoteWebDriver.java:309)
at Automation.LoginPage.getTxtUsername(LoginPage.java:44)
at Automation.LoginPage.login(LoginPage.java:145)
at Automation.LoginPage.loginSuccessfull(LoginPage.java:151)
at TestSuite.testLogin.TC01(testLogin.java:15)
at sun.reflect.NativeMethodAccessorImpl.invoke0(Native Method)
at sun.reflect.NativeMethodAccessorImpl.invoke(Unknown Source)
at sun.reflect.DelegatingMethodAccessorImpl.invoke(Unknown Source)
at java.lang.reflect.Method.invoke(Unknown Source)
at org.testng.internal.MethodInvocationHelper.invokeMethod(MethodInvocationHelper.java:124)
at org.testng.internal.Invoker.invokeMethod(Invoker.java:583)
at org.testng.internal.Invoker.invokeTestMethod(Invoker.java:719)
at org.testng.internal.Invoker.invokeTestMethods(Invoker.java:989)
at org.testng.internal.TestMethodWorker.invokeTestMethods(TestMethodWorker.java:125)
at org.testng.internal.TestMethodWorker.run(TestMethodWorker.java:109)
at org.testng.TestRunner.privateRun(TestRunner.java:648)
at org.testng.TestRunner.run(TestRunner.java:505)
at org.testng.SuiteRunner.runTest(SuiteRunner.java:455)
at org.testng.SuiteRunner.runSequentially(SuiteRunner.java:450)
at org.testng.SuiteRunner.privateRun(SuiteRunner.java:415)
at org.testng.SuiteRunner.run(SuiteRunner.java:364)
at org.testng.SuiteRunnerWorker.runSuite(SuiteRunnerWorker.java:52)
at org.testng.SuiteRunnerWorker.run(SuiteRunnerWorker.java:84)
at org.testng.TestNG.runSuitesSequentially(TestNG.java:1208)
at org.testng.TestNG.runSuitesLocally(TestNG.java:1137)
at org.testng.TestNG.runSuites(TestNG.java:1049)
at org.testng.TestNG.run(TestNG.java:1017)
at org.testng.remote.AbstractRemoteTestNG.run(AbstractRemoteTestNG.java:114)
at org.testng.remote.RemoteTestNG.initAndRun(RemoteTestNG.java:251)
at org.testng.remote.RemoteTestNG.main(RemoteTestNG.java:77)
]]>
            </full-stacktrace>
          </exception> <!-- org.openqa.selenium.NoSuchElementException -->
          <reporter-output>
          </reporter-output>
        </test-method> <!-- TC01 -->
        <test-method status="PASS" signature="afterMethod(org.testng.ITestResult)[pri:0, instance:TestSuite.testLogin@6a41eaa2]" name="afterMethod" is-config="true" duration-ms="4483" started-at="2018-07-02T02:24:21Z" finished-at="2018-07-02T02:24:26Z">
          <params>
            <param index="0">
              <value>
                <![CDATA[[TestResult name=TC01 status=FAILURE method=testLogin.TC01(java.lang.String, java.lang.String, java.lang.String, java.lang.String)[pri:0, instance:TestSuite.testLogin@6a41eaa2] output={null}]]]>
              </value>
            </param>
          </params>
          <reporter-output>
          </reporter-output>
        </test-method> <!-- afterMethod -->
        <test-method status="PASS" signature="beforeMethod()[pri:0, instance:TestSuite.testLogin@6a41eaa2]" name="beforeMethod" is-config="true" duration-ms="3210" started-at="2018-07-02T02:24:26Z" finished-at="2018-07-02T02:24:29Z">
          <reporter-output>
          </reporter-output>
        </test-method> <!-- beforeMethod -->
        <test-method status="PASS" signature="TC01(java.lang.String, java.lang.String, java.lang.String, java.lang.String)[pri:0, instance:TestSuite.testLogin@6a41eaa2]" name="TC01" duration-ms="14071" started-at="2018-07-02T02:24:29Z" data-provider="loginData" finished-at="2018-07-02T02:24:43Z">
          <params>
            <param index="0">
              <value>
                <![CDATA[03]]>
              </value>
            </param>
            <param index="1">
              <value>
                <![CDATA[Verify user can log in with valid gmail domain]]>
              </value>
            </param>
            <param index="2">
              <value>
                <![CDATA[n.gh.i.e.m.th.u.th.uy.19.12@gmail.com]]>
              </value>
            </param>
            <param index="3">
              <value>
                <![CDATA[!@#$%^&*()]]>
              </value>
            </param>
          </params>
          <reporter-output>
          </reporter-output>
        </test-method> <!-- TC01 -->
        <test-method status="PASS" signature="afterMethod(org.testng.ITestResult)[pri:0, instance:TestSuite.testLogin@6a41eaa2]" name="afterMethod" is-config="true" duration-ms="725" started-at="2018-07-02T02:24:43Z" finished-at="2018-07-02T02:24:44Z">
          <params>
            <param index="0">
              <value>
                <![CDATA[[TestResult name=TC01 status=SUCCESS method=testLogin.TC01(java.lang.String, java.lang.String, java.lang.String, java.lang.String)[pri:0, instance:TestSuite.testLogin@6a41eaa2] output={null}]]]>
              </value>
            </param>
          </params>
          <reporter-output>
          </reporter-output>
        </test-method> <!-- afterMethod -->
        <test-method status="PASS" signature="beforeMethod()[pri:0, instance:TestSuite.testLogin@6a41eaa2]" name="beforeMethod" is-config="true" duration-ms="3693" started-at="2018-07-02T02:24:44Z" finished-at="2018-07-02T02:24:47Z">
          <reporter-output>
          </reporter-output>
        </test-method> <!-- beforeMethod -->
        <test-method status="PASS" signature="TC01(java.lang.String, java.lang.String, java.lang.String, java.lang.String)[pri:0, instance:TestSuite.testLogin@6a41eaa2]" name="TC01" duration-ms="16387" started-at="2018-07-02T02:24:47Z" data-provider="loginData" finished-at="2018-07-02T02:25:04Z">
          <params>
            <param index="0">
              <value>
                <![CDATA[04]]>
              </value>
            </param>
            <param index="1">
              <value>
                <![CDATA[Verify user can log in with special char on domain account]]>
              </value>
            </param>
            <param index="2">
              <value>
                <![CDATA[thuy_nghiem@c.tv_vn.com]]>
              </value>
            </param>
            <param index="3">
              <value>
                <![CDATA[12345]]>
              </value>
            </param>
          </params>
          <reporter-output>
          </reporter-output>
        </test-method> <!-- TC01 -->
        <test-method status="PASS" signature="afterMethod(org.testng.ITestResult)[pri:0, instance:TestSuite.testLogin@6a41eaa2]" name="afterMethod" is-config="true" duration-ms="683" started-at="2018-07-02T02:25:04Z" finished-at="2018-07-02T02:25:05Z">
          <params>
            <param index="0">
              <value>
                <![CDATA[[TestResult name=TC01 status=SUCCESS method=testLogin.TC01(java.lang.String, java.lang.String, java.lang.String, java.lang.String)[pri:0, instance:TestSuite.testLogin@6a41eaa2] output={null}]]]>
              </value>
            </param>
          </params>
          <reporter-output>
          </reporter-output>
        </test-method> <!-- afterMethod -->
        <test-method status="PASS" signature="beforeMethod()[pri:0, instance:TestSuite.testLogin@6a41eaa2]" name="beforeMethod" is-config="true" duration-ms="3952" started-at="2018-07-02T02:25:05Z" finished-at="2018-07-02T02:25:09Z">
          <reporter-output>
          </reporter-output>
        </test-method> <!-- beforeMethod -->
        <test-method status="PASS" signature="TC01(java.lang.String, java.lang.String, java.lang.String, java.lang.String)[pri:0, instance:TestSuite.testLogin@6a41eaa2]" name="TC01" duration-ms="13137" started-at="2018-07-02T02:25:09Z" data-provider="loginData" finished-at="2018-07-02T02:25:22Z">
          <params>
            <param index="0">
              <value>
                <![CDATA[05]]>
              </value>
            </param>
            <param index="1">
              <value>
                <![CDATA[Verify user can log in with special char account]]>
              </value>
            </param>
            <param index="2">
              <value>
                <![CDATA[vc!xvc@vc.com]]>
              </value>
            </param>
            <param index="3">
              <value>
                <![CDATA[12345]]>
              </value>
            </param>
          </params>
          <reporter-output>
          </reporter-output>
        </test-method> <!-- TC01 -->
        <test-method status="PASS" signature="afterMethod(org.testng.ITestResult)[pri:0, instance:TestSuite.testLogin@6a41eaa2]" name="afterMethod" is-config="true" duration-ms="697" started-at="2018-07-02T02:25:22Z" finished-at="2018-07-02T02:25:22Z">
          <params>
            <param index="0">
              <value>
                <![CDATA[[TestResult name=TC01 status=SUCCESS method=testLogin.TC01(java.lang.String, java.lang.String, java.lang.String, java.lang.String)[pri:0, instance:TestSuite.testLogin@6a41eaa2] output={null}]]]>
              </value>
            </param>
          </params>
          <reporter-output>
          </reporter-output>
        </test-method> <!-- afterMethod -->
        <test-method status="PASS" signature="beforeMethod()[pri:0, instance:TestSuite.testLogin@6a41eaa2]" name="beforeMethod" is-config="true" duration-ms="3943" started-at="2018-07-02T02:25:23Z" finished-at="2018-07-02T02:25:27Z">
          <reporter-output>
          </reporter-output>
        </test-method> <!-- beforeMethod -->
        <test-method status="PASS" signature="TC02(java.lang.String, java.lang.String, java.lang.String, java.lang.String, java.lang.String)[pri:0, instance:TestSuite.testLogin@6a41eaa2]" name="TC02" duration-ms="11601" started-at="2018-07-02T02:25:27Z" data-provider="loginData" finished-at="2018-07-02T02:25:38Z">
          <params>
            <param index="0">
              <value>
                <![CDATA[01]]>
              </value>
            </param>
            <param index="1">
              <value>
                <![CDATA[Verify user can't log in empty account]]>
              </value>
            </param>
            <param index="2">
              <value>
                <![CDATA[]]>
              </value>
            </param>
            <param index="3">
              <value>
                <![CDATA[12345]]>
              </value>
            </param>
            <param index="4">
              <value>
                <![CDATA[An email address required.]]>
              </value>
            </param>
          </params>
          <reporter-output>
          </reporter-output>
        </test-method> <!-- TC02 -->
        <test-method status="PASS" signature="afterMethod(org.testng.ITestResult)[pri:0, instance:TestSuite.testLogin@6a41eaa2]" name="afterMethod" is-config="true" duration-ms="887" started-at="2018-07-02T02:25:38Z" finished-at="2018-07-02T02:25:39Z">
          <params>
            <param index="0">
              <value>
                <![CDATA[[TestResult name=TC02 status=SUCCESS method=testLogin.TC02(java.lang.String, java.lang.String, java.lang.String, java.lang.String, java.lang.String)[pri:0, instance:TestSuite.testLogin@6a41eaa2] output={null}]]]>
              </value>
            </param>
          </params>
          <reporter-output>
          </reporter-output>
        </test-method> <!-- afterMethod -->
        <test-method status="PASS" signature="beforeMethod()[pri:0, instance:TestSuite.testLogin@6a41eaa2]" name="beforeMethod" is-config="true" duration-ms="3530" started-at="2018-07-02T02:25:39Z" finished-at="2018-07-02T02:25:43Z">
          <reporter-output>
          </reporter-output>
        </test-method> <!-- beforeMethod -->
        <test-method status="PASS" signature="TC02(java.lang.String, java.lang.String, java.lang.String, java.lang.String, java.lang.String)[pri:0, instance:TestSuite.testLogin@6a41eaa2]" name="TC02" duration-ms="12007" started-at="2018-07-02T02:25:43Z" data-provider="loginData" finished-at="2018-07-02T02:25:55Z">
          <params>
            <param index="0">
              <value>
                <![CDATA[02]]>
              </value>
            </param>
            <param index="1">
              <value>
                <![CDATA[Verify user can't log in with invalid password]]>
              </value>
            </param>
            <param index="2">
              <value>
                <![CDATA[n.gh.i.e.m.th.u.th.uy.19.12@gmail.com]]>
              </value>
            </param>
            <param index="3">
              <value>
                <![CDATA[]]>
              </value>
            </param>
            <param index="4">
              <value>
                <![CDATA[Password is required.]]>
              </value>
            </param>
          </params>
          <reporter-output>
          </reporter-output>
        </test-method> <!-- TC02 -->
        <test-method status="PASS" signature="afterMethod(org.testng.ITestResult)[pri:0, instance:TestSuite.testLogin@6a41eaa2]" name="afterMethod" is-config="true" duration-ms="731" started-at="2018-07-02T02:25:55Z" finished-at="2018-07-02T02:25:55Z">
          <params>
            <param index="0">
              <value>
                <![CDATA[[TestResult name=TC02 status=SUCCESS method=testLogin.TC02(java.lang.String, java.lang.String, java.lang.String, java.lang.String, java.lang.String)[pri:0, instance:TestSuite.testLogin@6a41eaa2] output={null}]]]>
              </value>
            </param>
          </params>
          <reporter-output>
          </reporter-output>
        </test-method> <!-- afterMethod -->
        <test-method status="PASS" signature="beforeMethod()[pri:0, instance:TestSuite.testLogin@6a41eaa2]" name="beforeMethod" is-config="true" duration-ms="3647" started-at="2018-07-02T02:25:55Z" finished-at="2018-07-02T02:25:59Z">
          <reporter-output>
          </reporter-output>
        </test-method> <!-- beforeMethod -->
        <test-method status="PASS" signature="TC02(java.lang.String, java.lang.String, java.lang.String, java.lang.String, java.lang.String)[pri:0, instance:TestSuite.testLogin@6a41eaa2]" name="TC02" duration-ms="11551" started-at="2018-07-02T02:25:59Z" data-provider="loginData" finished-at="2018-07-02T02:26:11Z">
          <params>
            <param index="0">
              <value>
                <![CDATA[03]]>
              </value>
            </param>
            <param index="1">
              <value>
                <![CDATA[Verify user can't log in with invalid email format]]>
              </value>
            </param>
            <param index="2">
              <value>
                <![CDATA[n.gh.i.e.m.th.u.th.uy.19.12]]>
              </value>
            </param>
            <param index="3">
              <value>
                <![CDATA[!@#$%^&*()]]>
              </value>
            </param>
            <param index="4">
              <value>
                <![CDATA[Invalid email address.]]>
              </value>
            </param>
          </params>
          <reporter-output>
          </reporter-output>
        </test-method> <!-- TC02 -->
        <test-method status="PASS" signature="afterMethod(org.testng.ITestResult)[pri:0, instance:TestSuite.testLogin@6a41eaa2]" name="afterMethod" is-config="true" duration-ms="737" started-at="2018-07-02T02:26:11Z" finished-at="2018-07-02T02:26:11Z">
          <params>
            <param index="0">
              <value>
                <![CDATA[[TestResult name=TC02 status=SUCCESS method=testLogin.TC02(java.lang.String, java.lang.String, java.lang.String, java.lang.String, java.lang.String)[pri:0, instance:TestSuite.testLogin@6a41eaa2] output={null}]]]>
              </value>
            </param>
          </params>
          <reporter-output>
          </reporter-output>
        </test-method> <!-- afterMethod -->
        <test-method status="PASS" signature="beforeMethod()[pri:0, instance:TestSuite.testLogin@6a41eaa2]" name="beforeMethod" is-config="true" duration-ms="3546" started-at="2018-07-02T02:26:11Z" finished-at="2018-07-02T02:26:15Z">
          <reporter-output>
          </reporter-output>
        </test-method> <!-- beforeMethod -->
        <test-method status="PASS" signature="TC02(java.lang.String, java.lang.String, java.lang.String, java.lang.String, java.lang.String)[pri:0, instance:TestSuite.testLogin@6a41eaa2]" name="TC02" duration-ms="12501" started-at="2018-07-02T02:26:15Z" data-provider="loginData" finished-at="2018-07-02T02:26:27Z">
          <params>
            <param index="0">
              <value>
                <![CDATA[04]]>
              </value>
            </param>
            <param index="1">
              <value>
                <![CDATA[Verify user can't log in with special SQL injection1]]>
              </value>
            </param>
            <param index="2">
              <value>
                <![CDATA[*]]>
              </value>
            </param>
            <param index="3">
              <value>
                <![CDATA[*]]>
              </value>
            </param>
            <param index="4">
              <value>
                <![CDATA[Invalid email address.]]>
              </value>
            </param>
          </params>
          <reporter-output>
          </reporter-output>
        </test-method> <!-- TC02 -->
        <test-method status="PASS" signature="afterMethod(org.testng.ITestResult)[pri:0, instance:TestSuite.testLogin@6a41eaa2]" name="afterMethod" is-config="true" duration-ms="672" started-at="2018-07-02T02:26:27Z" finished-at="2018-07-02T02:26:28Z">
          <params>
            <param index="0">
              <value>
                <![CDATA[[TestResult name=TC02 status=SUCCESS method=testLogin.TC02(java.lang.String, java.lang.String, java.lang.String, java.lang.String, java.lang.String)[pri:0, instance:TestSuite.testLogin@6a41eaa2] output={null}]]]>
              </value>
            </param>
          </params>
          <reporter-output>
          </reporter-output>
        </test-method> <!-- afterMethod -->
        <test-method status="PASS" signature="beforeMethod()[pri:0, instance:TestSuite.testLogin@6a41eaa2]" name="beforeMethod" is-config="true" duration-ms="3557" started-at="2018-07-02T02:26:28Z" finished-at="2018-07-02T02:26:32Z">
          <reporter-output>
          </reporter-output>
        </test-method> <!-- beforeMethod -->
        <test-method status="PASS" signature="TC02(java.lang.String, java.lang.String, java.lang.String, java.lang.String, java.lang.String)[pri:0, instance:TestSuite.testLogin@6a41eaa2]" name="TC02" duration-ms="11153" started-at="2018-07-02T02:26:32Z" data-provider="loginData" finished-at="2018-07-02T02:26:43Z">
          <params>
            <param index="0">
              <value>
                <![CDATA[05]]>
              </value>
            </param>
            <param index="1">
              <value>
                <![CDATA[Verify user can't log in with special SQL injection2]]>
              </value>
            </param>
            <param index="2">
              <value>
                <![CDATA[1=1]]>
              </value>
            </param>
            <param index="3">
              <value>
                <![CDATA[true]]>
              </value>
            </param>
            <param index="4">
              <value>
                <![CDATA[Invalid email address.]]>
              </value>
            </param>
          </params>
          <reporter-output>
          </reporter-output>
        </test-method> <!-- TC02 -->
        <test-method status="PASS" signature="afterMethod(org.testng.ITestResult)[pri:0, instance:TestSuite.testLogin@6a41eaa2]" name="afterMethod" is-config="true" duration-ms="732" started-at="2018-07-02T02:26:43Z" finished-at="2018-07-02T02:26:43Z">
          <params>
            <param index="0">
              <value>
                <![CDATA[[TestResult name=TC02 status=SUCCESS method=testLogin.TC02(java.lang.String, java.lang.String, java.lang.String, java.lang.String, java.lang.String)[pri:0, instance:TestSuite.testLogin@6a41eaa2] output={null}]]]>
              </value>
            </param>
          </params>
          <reporter-output>
          </reporter-output>
        </test-method> <!-- afterMethod -->
      </class> <!-- TestSuite.testLogin -->
    </test> <!-- Default test -->
  </suite> <!-- Default suite -->
</testng-results>
